

Microchip Technology PIC18 LITE Macro Assembler V1.30 build 55553 
                                                                                               Sat Apr  5 23:13:13 2014

Microchip Technology Omniscient Code Generator (Lite mode) build 55553
     1                           	processor	18F24J10
     2                           	fnconf	rparam,??,?,0
     3                           	opt	pw 120
     4                           	opt	lm
     5                           	psect	text0,global,reloc=2,class=CODE,delta=1
     6                           	psect	cinit,global,reloc=2,class=CODE,delta=1
     7                           	psect	cstackCOMRAM,global,class=COMRAM,space=1,delta=1
     8                           	psect	text1,global,reloc=2,class=CODE,delta=1
     9                           	psect	text2,global,reloc=2,class=CODE,delta=1
    10                           	psect	intsave_regs,global,class=BIGRAM,space=1,delta=1
    11                           	psect	rparam,global,class=COMRAM,space=1,delta=1
    12  0000                     _ADCON1	set	4033
    13  0000                     _LATA	set	3977
    14  0000                     _LATB	set	3978
    15  0000                     _LATC	set	3979
    16  0000                     _PORTB	set	3969
    17  0000                     _PORTC	set	3970
    18  0000                     _TRISB	set	3987
    19  0000                     _TRISC	set	3988
    20                           
    21                           ; 0 bytes @ 0x7
    22 ;;
    23 ;;Main: autosize = 0, tempsize = 0, incstack = 0, save=0
    24 ;;
    25 ;; *************** function _main *****************
    26 ;; Defined at:
    27 ;;		line 49 in file "main.c"
    28 ;; Parameters:    Size  Location     Type
    29 ;;  argc            2    2[COMRAM] int 
    30 ;;  argv            3    4[COMRAM] PTR PTR unsigned char 
    31 ;; Auto vars:     Size  Location     Type
    32 ;;		None
    33 ;; Return value:  Size  Location     Type
    34 ;;                  2    2[COMRAM] int 
    35 ;; Registers used:
    36 ;;		wreg, status,2, status,0, cstack
    37 ;; Tracked objects:
    38 ;;		On entry : 0/0
    39 ;;		On exit  : 0/0
    40 ;;		Unchanged: 0/0
    41 ;; Data sizes:     COMRAM   BANK0   BANK1   BANK2   BANK3
    42 ;;      Params:         5       0       0       0       0
    43 ;;      Locals:         0       0       0       0       0
    44 ;;      Temps:          0       0       0       0       0
    45 ;;      Totals:         5       0       0       0       0
    46 ;;Total ram usage:        5 bytes
    47 ;; Hardware stack levels required when called:    1
    48 ;; This function calls:
    49 ;;		_blink_b
    50 ;;		_blink_c
    51 ;; This function is called by:
    52 ;;		Startup code after reset
    53 ;; This function uses a non-reentrant model
    54 ;;
    55                           
    56                           	psect	text0
    57  003F9C                     __ptext0:
    58                           	opt stack 0
    59  003F9C                     _main:
    60                           	opt stack 30
    61                           
    62                           ;main.c: 52: LATA = 0x00;
    63                           
    64                           ;incstack = 0
    65  003F9C  0E00               	movlw	0
    66  003F9E  6E89               	movwf	3977,c	;volatile
    67                           
    68                           ;main.c: 53: LATB = 0x00;
    69  003FA0  0E00               	movlw	0
    70  003FA2  6E8A               	movwf	3978,c	;volatile
    71                           
    72                           ;main.c: 54: LATC = 0x00;
    73  003FA4  0E00               	movlw	0
    74  003FA6  6E8B               	movwf	3979,c	;volatile
    75                           
    76                           ;main.c: 57: ADCON1 = 0x0F;
    77  003FA8  0E0F               	movlw	15
    78  003FAA  6EC1               	movwf	4033,c	;volatile
    79                           
    80                           ;main.c: 60: TRISB = 0x00;
    81  003FAC  0E00               	movlw	0
    82  003FAE  6E93               	movwf	3987,c	;volatile
    83                           
    84                           ;main.c: 61: TRISC = 0x00;
    85  003FB0  0E00               	movlw	0
    86  003FB2  6E94               	movwf	3988,c	;volatile
    87  003FB4                     l624:
    88                           
    89                           ;main.c: 64: {
    90                           ;main.c: 65: blink_b(0x20);
    91  003FB4  0E00               	movlw	0
    92  003FB6  6E02               	movwf	blink_b@LED+1,c
    93  003FB8  0E20               	movlw	32
    94  003FBA  6E01               	movwf	blink_b@LED,c
    95  003FBC  ECB8  F01F         	call	_blink_b	;wreg free
    96                           
    97                           ;main.c: 66: _delay((unsigned long)((150)*(31000/4000.0)));
    98  003FC0  0EE8               	movlw	232
    99  003FC2                     u17:
   100  003FC2  D000               	nop2	
   101  003FC4  2EE8               	decfsz	wreg,f,c
   102  003FC6  D7FD               	goto	u17
   103  003FC8  D000               	nop2		;nop
   104                           
   105                           ;main.c: 67: blink_b(0x01);
   106  003FCA  0E00               	movlw	0
   107  003FCC  6E02               	movwf	blink_b@LED+1,c
   108  003FCE  0E01               	movlw	1
   109  003FD0  6E01               	movwf	blink_b@LED,c
   110  003FD2  ECB8  F01F         	call	_blink_b	;wreg free
   111                           
   112                           ;main.c: 68: _delay((unsigned long)((150)*(31000/4000.0)));
   113  003FD6  0EE8               	movlw	232
   114  003FD8                     u27:
   115  003FD8  D000               	nop2	
   116  003FDA  2EE8               	decfsz	wreg,f,c
   117  003FDC  D7FD               	goto	u27
   118  003FDE  D000               	nop2		;nop
   119                           
   120                           ;main.c: 69: blink_c(0x01);
   121  003FE0  0E00               	movlw	0
   122  003FE2  6E02               	movwf	blink_c@LED+1,c
   123  003FE4  0E01               	movlw	1
   124  003FE6  6E01               	movwf	blink_c@LED,c
   125  003FE8  ECC3  F01F         	call	_blink_c	;wreg free
   126                           
   127                           ;main.c: 70: _delay((unsigned long)((150)*(31000/4000.0)));
   128  003FEC  0EE8               	movlw	232
   129  003FEE                     u37:
   130  003FEE  D000               	nop2	
   131  003FF0  2EE8               	decfsz	wreg,f,c
   132  003FF2  D7FD               	goto	u37
   133  003FF4  D000               	nop2		;nop
   134  003FF6  D7DE               	goto	l624
   135  003FF8                     __end_of_main:
   136                           	opt stack 0
   137                           wreg	equ	0xFE8
   138                           
   139                           	psect	cinit
   140  003F6A                     __pcinit:
   141                           	opt stack 0
   142  003F6A                     start_initialization:
   143                           	opt stack 0
   144  003F6A                     __initialization:
   145                           	opt stack 0
   146  003F6A                     end_of_initialization:
   147                           	opt stack 0
   148  003F6A                     __end_of__initialization:
   149                           	opt stack 0
   150  003F6A  0100               	movlb	0
   151  003F6C  EFCE  F01F         	goto	_main	;jump to C main() function
   152                           wreg	equ	0xFE8
   153                           
   154                           	psect	cstackCOMRAM
   155  000001                     __pcstackCOMRAM:
   156                           	opt stack 0
   157  000001                     blink_b@LED:
   158                           	opt stack 0
   159  000001                     blink_c@LED:
   160                           	opt stack 0
   161                           
   162                           ; 2 bytes @ 0x0
   163  000001                     	ds	2
   164  000003                     
   165                           ; 2 bytes @ 0x2
   166  000003                     	ds	2
   167  000005                     
   168                           ; 3 bytes @ 0x4
   169  000005                     	ds	3
   170  000008                     wreg	equ	0xFE8
   171                           
   172 ;; *************** function _blink_c *****************
   173 ;; Defined at:
   174 ;;		line 84 in file "main.c"
   175 ;; Parameters:    Size  Location     Type
   176 ;;  LED             2    0[COMRAM] unsigned int 
   177 ;; Auto vars:     Size  Location     Type
   178 ;;		None
   179 ;; Return value:  Size  Location     Type
   180 ;;		None               void
   181 ;; Registers used:
   182 ;;		wreg, status,2, status,0
   183 ;; Tracked objects:
   184 ;;		On entry : 0/0
   185 ;;		On exit  : 0/0
   186 ;;		Unchanged: 0/0
   187 ;; Data sizes:     COMRAM   BANK0   BANK1   BANK2   BANK3
   188 ;;      Params:         2       0       0       0       0
   189 ;;      Locals:         0       0       0       0       0
   190 ;;      Temps:          0       0       0       0       0
   191 ;;      Totals:         2       0       0       0       0
   192 ;;Total ram usage:        2 bytes
   193 ;; Hardware stack levels used:    1
   194 ;; This function calls:
   195 ;;		Nothing
   196 ;; This function is called by:
   197 ;;		_main
   198 ;; This function uses a non-reentrant model
   199 ;;
   200                           
   201                           	psect	text1
   202  003F86                     __ptext1:
   203                           	opt stack 0
   204  003F86                     _blink_c:
   205                           	opt stack 30
   206                           
   207                           ;main.c: 86: PORTC |= LED;
   208                           
   209                           ;incstack = 0
   210  003F86  5001               	movf	blink_c@LED,w,c
   211  003F88  1282               	iorwf	3970,f,c	;volatile
   212                           
   213                           ;main.c: 87: _delay((unsigned long)((150)*(31000/4000.0)));
   214  003F8A  0EE8               	movlw	232
   215  003F8C                     u47:
   216  003F8C  D000               	nop2	
   217  003F8E  2EE8               	decfsz	wreg,f,c
   218  003F90  D7FD               	goto	u47
   219  003F92  D000               	nop2		;nop
   220                           
   221                           ;main.c: 88: PORTC &= ~LED;
   222  003F94  5001               	movf	blink_c@LED,w,c
   223  003F96  0AFF               	xorlw	255
   224  003F98  1682               	andwf	3970,f,c	;volatile
   225  003F9A  0012               	return	
   226  003F9C                     __end_of_blink_c:
   227                           	opt stack 0
   228                           wreg	equ	0xFE8
   229                           
   230 ;; *************** function _blink_b *****************
   231 ;; Defined at:
   232 ;;		line 76 in file "main.c"
   233 ;; Parameters:    Size  Location     Type
   234 ;;  LED             2    0[COMRAM] unsigned int 
   235 ;; Auto vars:     Size  Location     Type
   236 ;;		None
   237 ;; Return value:  Size  Location     Type
   238 ;;		None               void
   239 ;; Registers used:
   240 ;;		wreg, status,2, status,0
   241 ;; Tracked objects:
   242 ;;		On entry : 0/0
   243 ;;		On exit  : 0/0
   244 ;;		Unchanged: 0/0
   245 ;; Data sizes:     COMRAM   BANK0   BANK1   BANK2   BANK3
   246 ;;      Params:         2       0       0       0       0
   247 ;;      Locals:         0       0       0       0       0
   248 ;;      Temps:          0       0       0       0       0
   249 ;;      Totals:         2       0       0       0       0
   250 ;;Total ram usage:        2 bytes
   251 ;; Hardware stack levels used:    1
   252 ;; This function calls:
   253 ;;		Nothing
   254 ;; This function is called by:
   255 ;;		_main
   256 ;; This function uses a non-reentrant model
   257 ;;
   258                           
   259                           	psect	text2
   260  003F70                     __ptext2:
   261                           	opt stack 0
   262  003F70                     _blink_b:
   263                           	opt stack 30
   264                           
   265                           ;main.c: 78: PORTB |= LED;
   266                           
   267                           ;incstack = 0
   268  003F70  5001               	movf	blink_b@LED,w,c
   269  003F72  1281               	iorwf	3969,f,c	;volatile
   270                           
   271                           ;main.c: 79: _delay((unsigned long)((150)*(31000/4000.0)));
   272  003F74  0EE8               	movlw	232
   273  003F76                     u57:
   274  003F76  D000               	nop2	
   275  003F78  2EE8               	decfsz	wreg,f,c
   276  003F7A  D7FD               	goto	u57
   277  003F7C  D000               	nop2		;nop
   278                           
   279                           ;main.c: 80: PORTB &= ~LED;
   280  003F7E  5001               	movf	blink_b@LED,w,c
   281  003F80  0AFF               	xorlw	255
   282  003F82  1681               	andwf	3969,f,c	;volatile
   283  003F84  0012               	return	
   284  003F86                     __end_of_blink_b:
   285                           	opt stack 0
   286  0000                     wreg	equ	0xFE8
   287                           wreg	equ	0xFE8
   288                           
   289                           	psect	rparam
   290  0000                     wreg	equ	0xFE8


Data Sizes:
    Strings     0
    Constant    0
    Data        0
    BSS         0
    Persistent  0
    Stack       0

Auto Spaces:
    Space          Size  Autos    Used
    COMRAM          127      7       7
    BANK0           128      0       0
    BANK1           256      0       0
    BANK2           256      0       0
    BANK3           256      0       0

Pointer List with Targets:

    None.

Critical Paths under _main in COMRAM

    _main->_blink_b
    _main->_blink_c

Critical Paths under _main in BANK0

    None.

Critical Paths under _main in BANK1

    None.

Critical Paths under _main in BANK2

    None.

Critical Paths under _main in BANK3

    None.

Call Graph Tables:

 ---------------------------------------------------------------------------------
 (Depth) Function   	        Calls       Base Space   Used Autos Params    Refs
 ---------------------------------------------------------------------------------
 (0) _main                                                 5     0      5     162
                                              2 COMRAM     5     0      5
                            _blink_b
                            _blink_c
 ---------------------------------------------------------------------------------
 (1) _blink_c                                              2     0      2      64
                                              0 COMRAM     2     0      2
 ---------------------------------------------------------------------------------
 (1) _blink_b                                              2     0      2      98
                                              0 COMRAM     2     0      2
 ---------------------------------------------------------------------------------
 Estimated maximum stack depth 1
 ---------------------------------------------------------------------------------

 Call Graph Graphs:

 _main (ROOT)
   _blink_b
   _blink_c

 Address spaces:
Name               Size   Autos  Total    Cost      Usage
BITCOMRAM           7F      0       0       0        0.0%
NULL                 0      0       0       0        0.0%
CODE                 0      0       0       0        0.0%
COMRAM              7F      7       7       1        5.5%
STACK                0      0       0       2        0.0%
BITBANK0            80      0       0       3        0.0%
BANK0               80      0       0       4        0.0%
BITBANK1           100      0       0       5        0.0%
BANK1              100      0       0       6        0.0%
BITBANK2           100      0       0       7        0.0%
BANK2              100      0       0       8        0.0%
BITBANK3           100      0       0       9        0.0%
BANK3              100      0       0      10        0.0%
ABS                  0      0       0      11        0.0%
BIGRAM             3FF      0       0      12        0.0%
DATA                 0      0       0      13        0.0%
BITSFR               0      0       0      40        0.0%
SFR                  0      0       0      40        0.0%


Microchip Technology PIC18 Macro Assembler V1.30 build 55553 
Symbol Table                                                                                   Sat Apr  5 23:13:13 2014

                     u17 3FC2                       u27 3FD8                       u37 3FEE  
                     u47 3F8C                       u57 3F76             __CFG_CP0$OFF 000000  
                    l624 3FB4                      wreg 000FE8             __CFG_IESO$ON 000000  
                   _LATA 000F89                     _LATB 000F8A                     _LATC 000F8B  
          __CFG_FCMEN$ON 000000                     _main 3F9C                     start 0000  
                  ?_main 0003                    _PORTB 000F81                    _PORTC 000F82  
                  _TRISB 000F93                    _TRISC 000F94          __end_of_blink_b 3F86  
        __end_of_blink_c 3F9C           __CFG_FOSC2$OFF 000000          __initialization 3F6A  
           __end_of_main 3FF8                   ??_main 0008            __activetblptr 000000  
                 _ADCON1 000FC1           __CFG_WDTEN$OFF 000000           __CFG_XINST$OFF 000000  
         __CFG_STVREN$ON 000000                ??_blink_b 0003                ??_blink_c 0003  
        __CFG_FOSC$ECPLL 000000               __accesstop 0080  __end_of__initialization 3F6A  
         __pcstackCOMRAM 0001                  __Hparam 0000                  __Lparam 0000  
                __pcinit 3F6A                  __ramtop 0400                  _blink_b 3F70  
                _blink_c 3F86                  __ptext0 3F9C                  __ptext1 3F86  
                __ptext2 3F70     end_of_initialization 3F6A               blink_b@LED 0001  
             blink_c@LED 0001      start_initialization 3F6A      __CFG_CCP2MX$DEFAULT 000000  
               ?_blink_b 0001                 ?_blink_c 0001         __CFG_WDTPS$32768 000000  
               __Hrparam 0000                 __Lrparam 0000         __size_of_blink_b 0016  
       __size_of_blink_c 0016            __size_of_main 005C                 main@argc 0003  
               main@argv 0005  
